<?xml version="1.0" encoding="UTF-8"?>
<!-- Generated by org.testng.reporters.JUnitReportReporter -->
<testsuite hostname="DESKTOP-LUPK89I" failures="0" tests="1" name="practise.AppiumFramework.TC_01" time="95.655" errors="0" timestamp="2022-04-26T17:50:46 IST" skipped="0">
  <testcase classname="practise.AppiumFramework.TC_01" name="tc1" time="95.655"/>
  <system-out/>
</testsuite> <!-- practise.AppiumFramework.TC_01 -->
