<?xml version="1.0" encoding="UTF-8"?>
<!-- Generated by org.testng.reporters.JUnitReportReporter -->
<testsuite hostname="DESKTOP-LUPK89I" failures="0" tests="2" name="practise.Siply.Siply" time="137.305" errors="0" timestamp="2022-08-02T13:35:00 IST" skipped="0">
  <testcase classname="practise.Siply.Siply" name="Registration" time="70.320"/>
  <system-out/>
  <testcase classname="practise.Siply.Siply" name="Chits_Basic_flow" time="66.985"/>
  <system-out/>
</testsuite> <!-- practise.Siply.Siply -->
